切换到工作目录: /public1/home/sc81071/CAS_PP2025/liuchuandong/PE
TSMM单线程测试开始
作业ID: 7114265
节点名: ca0307
分配核数: 1
提交目录: /public1/home/sc81071/CAS_PP2025/liuchuandong/PE
当前工作目录: /public1/home/sc81071/CAS_PP2025/liuchuandong/PE
运行时间: Thu May 29 15:51:01 CST 2025
二进制文件路径: /public1/home/sc81071/CAS_PP2025/liuchuandong/PE/src/tsmm/tsmm
----------------------------------------
测试大矩阵 (4000x16000x128)
测试: 大矩阵 (4000x16000x128) (m=4000, n=16000, k=128)
性能对比(单线程) [理论峰值: 36.80 GFLOPS]
----------------------------------------
优化版本 (3次)
  #1: 891.40 ms, 18.38 GFLOPS (49.95%)
  #2: 887.26 ms, 18.47 GFLOPS (50.18%)
  #3: 886.56 ms, 18.48 GFLOPS (50.22%)
  最佳: 886.56 ms, 18.48 GFLOPS (50.22%)
  结果验证: 通过
MKL版本 (3次)
  #1: 656.01 ms, 24.98 GFLOPS (67.87%)
  #2: 389.86 ms, 42.03 GFLOPS (114.20%)
  #3: 389.90 ms, 42.02 GFLOPS (114.19%)
  最佳: 389.86 ms, 42.03 GFLOPS (114.20%)
  结果验证: 通过
----------------------------------------
优化版本与MKL版本对比:
  优化版本: 886.56 ms (18.48 GFLOPS)
  MKL版本: 389.86 ms (42.03 GFLOPS)
  性能比: 43.97%
----------------------------------------
测试瘦高矩阵1 (8x16x16000)
测试: 瘦高矩阵1 (8x16x16000) (m=8, n=16, k=16000)
性能对比(单线程) [理论峰值: 36.80 GFLOPS]
----------------------------------------
优化版本 (3次)
  #1: 0.41 ms, 10.06 GFLOPS (27.35%)
  #2: 0.34 ms, 11.87 GFLOPS (32.26%)
  #3: 0.34 ms, 11.91 GFLOPS (32.35%)
  最佳: 0.34 ms, 11.91 GFLOPS (32.35%)
  结果验证: 通过
MKL版本 (3次)
  #1: 25.42 ms, 0.16 GFLOPS (0.44%)
  #2: 0.31 ms, 13.30 GFLOPS (36.13%)
  #3: 0.31 ms, 13.39 GFLOPS (36.39%)
  最佳: 0.31 ms, 13.39 GFLOPS (36.39%)
  结果验证: 通过
----------------------------------------
优化版本与MKL版本对比:
  优化版本: 0.34 ms (11.91 GFLOPS)
  MKL版本: 0.31 ms (13.39 GFLOPS)
  性能比: 88.91%
----------------------------------------
测试瘦高矩阵2 (32x16000x16)
测试: 瘦高矩阵2 (32x16000x16) (m=32, n=16000, k=16)
性能对比(单线程) [理论峰值: 36.80 GFLOPS]
----------------------------------------
优化版本 (3次)
  #1: 1.21 ms, 13.51 GFLOPS (36.71%)
  #2: 1.03 ms, 15.86 GFLOPS (43.10%)
  #3: 1.01 ms, 16.24 GFLOPS (44.13%)
  最佳: 1.01 ms, 16.24 GFLOPS (44.13%)
  结果验证: 通过
MKL版本 (3次)
  #1: 23.42 ms, 0.70 GFLOPS (1.90%)
  #2: 0.91 ms, 18.00 GFLOPS (48.92%)
  #3: 0.85 ms, 19.30 GFLOPS (52.44%)
  最佳: 0.85 ms, 19.30 GFLOPS (52.44%)
  结果验证: 通过
----------------------------------------
优化版本与MKL版本对比:
  优化版本: 1.01 ms (16.24 GFLOPS)
  MKL版本: 0.85 ms (19.30 GFLOPS)
  性能比: 84.14%
----------------------------------------
测试方形矩阵 (144x144x144)
测试: 方形矩阵 (144x144x144) (m=144, n=144, k=144)
性能对比(单线程) [理论峰值: 36.80 GFLOPS]
----------------------------------------
优化版本 (3次)
  #1: 0.36 ms, 16.45 GFLOPS (44.69%)
  #2: 0.35 ms, 16.87 GFLOPS (45.84%)
  #3: 0.35 ms, 17.00 GFLOPS (46.21%)
  最佳: 0.35 ms, 17.00 GFLOPS (46.21%)
  结果验证: 通过
MKL版本 (3次)
  #1: 19.38 ms, 0.31 GFLOPS (0.84%)
  #2: 0.18 ms, 33.22 GFLOPS (90.27%)
  #3: 0.17 ms, 34.13 GFLOPS (92.73%)
  最佳: 0.17 ms, 34.13 GFLOPS (92.73%)
  结果验证: 通过
----------------------------------------
优化版本与MKL版本对比:
  优化版本: 0.35 ms (17.00 GFLOPS)
  MKL版本: 0.17 ms (34.13 GFLOPS)
  性能比: 49.83%
----------------------------------------
单线程测试完成
测试结束时间: Thu May 29 15:51:17 CST 2025
