切换到工作目录: /public1/home/sc81071/CAS_PP2025/liuchuandong/PE
TSMM单线程测试开始
作业ID: 7114401
节点名: ca0905
分配核数: 1
提交目录: /public1/home/sc81071/CAS_PP2025/liuchuandong/PE
当前工作目录: /public1/home/sc81071/CAS_PP2025/liuchuandong/PE
运行时间: Thu May 29 16:43:30 CST 2025
二进制文件路径: /public1/home/sc81071/CAS_PP2025/liuchuandong/PE/src/tsmm/tsmm
----------------------------------------
测试大矩阵 (4000x16000x128)
测试: 大矩阵 (4000x16000x128) (m=4000, n=16000, k=128)
性能对比(单线程) [理论峰值: 36.80 GFLOPS]
----------------------------------------
优化版本 (4次)
  #1: 914.97 ms, 17.91 GFLOPS (48.66%)
  #2: 895.99 ms, 18.29 GFLOPS (49.69%)
  #3: 885.17 ms, 18.51 GFLOPS (50.30%)
  #4: 874.15 ms, 18.74 GFLOPS (50.93%)
  最佳: 874.15 ms, 18.74 GFLOPS (50.93%)
  结果验证: 通过
MKL版本 (4次)
  #1: 657.33 ms, 24.93 GFLOPS (67.73%)
  #2: 390.41 ms, 41.97 GFLOPS (114.04%)
  #3: 380.41 ms, 43.07 GFLOPS (117.04%)
  #4: 364.82 ms, 44.91 GFLOPS (122.04%)
  最佳: 364.82 ms, 44.91 GFLOPS (122.04%)
  结果验证: 通过
----------------------------------------
优化版本与MKL版本对比:
  优化版本: 874.15 ms (18.74 GFLOPS)
  MKL版本: 364.82 ms (44.91 GFLOPS)
  性能比: 41.73%
----------------------------------------
测试瘦高矩阵1 (8x16x16000)
测试: 瘦高矩阵1 (8x16x16000) (m=8, n=16, k=16000)
性能对比(单线程) [理论峰值: 36.80 GFLOPS]
----------------------------------------
优化版本 (4次)
  #1: 0.38 ms, 10.80 GFLOPS (29.36%)
  #2: 0.32 ms, 12.68 GFLOPS (34.45%)
  #3: 0.31 ms, 13.04 GFLOPS (35.45%)
  #4: 0.32 ms, 13.00 GFLOPS (35.31%)
  最佳: 0.31 ms, 13.04 GFLOPS (35.45%)
  结果验证: 通过
MKL版本 (4次)
  #1: 23.45 ms, 0.17 GFLOPS (0.47%)
  #2: 0.30 ms, 13.66 GFLOPS (37.11%)
  #3: 0.29 ms, 14.13 GFLOPS (38.39%)
  #4: 0.29 ms, 14.17 GFLOPS (38.52%)
  最佳: 0.29 ms, 14.17 GFLOPS (38.52%)
  结果验证: 通过
----------------------------------------
优化版本与MKL版本对比:
  优化版本: 0.31 ms (13.04 GFLOPS)
  MKL版本: 0.29 ms (14.17 GFLOPS)
  性能比: 92.03%
----------------------------------------
测试瘦高矩阵2 (32x16000x16)
测试: 瘦高矩阵2 (32x16000x16) (m=32, n=16000, k=16)
性能对比(单线程) [理论峰值: 36.80 GFLOPS]
----------------------------------------
优化版本 (4次)
  #1: 1.20 ms, 13.66 GFLOPS (37.13%)
  #2: 1.05 ms, 15.56 GFLOPS (42.28%)
  #3: 1.04 ms, 15.82 GFLOPS (42.98%)
  #4: 1.02 ms, 16.13 GFLOPS (43.82%)
  最佳: 1.02 ms, 16.13 GFLOPS (43.82%)
  结果验证: 通过
MKL版本 (4次)
  #1: 25.52 ms, 0.64 GFLOPS (1.74%)
  #2: 0.89 ms, 18.51 GFLOPS (50.31%)
  #3: 0.83 ms, 19.84 GFLOPS (53.91%)
  #4: 0.84 ms, 19.43 GFLOPS (52.81%)
  最佳: 0.83 ms, 19.84 GFLOPS (53.91%)
  结果验证: 通过
----------------------------------------
优化版本与MKL版本对比:
  优化版本: 1.02 ms (16.13 GFLOPS)
  MKL版本: 0.83 ms (19.84 GFLOPS)
  性能比: 81.30%
----------------------------------------
测试方形矩阵 (144x144x144)
测试: 方形矩阵 (144x144x144) (m=144, n=144, k=144)
性能对比(单线程) [理论峰值: 36.80 GFLOPS]
----------------------------------------
优化版本 (4次)
  #1: 0.36 ms, 16.59 GFLOPS (45.08%)
  #2: 0.36 ms, 16.82 GFLOPS (45.71%)
  #3: 0.35 ms, 17.12 GFLOPS (46.52%)
  #4: 0.36 ms, 16.78 GFLOPS (45.59%)
  最佳: 0.35 ms, 17.12 GFLOPS (46.52%)
  结果验证: 通过
MKL版本 (4次)
  #1: 23.36 ms, 0.26 GFLOPS (0.69%)
  #2: 0.18 ms, 33.00 GFLOPS (89.68%)
  #3: 0.18 ms, 33.94 GFLOPS (92.23%)
  #4: 0.17 ms, 34.31 GFLOPS (93.24%)
  最佳: 0.17 ms, 34.31 GFLOPS (93.24%)
  结果验证: 通过
----------------------------------------
优化版本与MKL版本对比:
  优化版本: 0.35 ms (17.12 GFLOPS)
  MKL版本: 0.17 ms (34.31 GFLOPS)
  性能比: 49.90%
----------------------------------------
单线程测试完成
测试结束时间: Thu May 29 16:43:48 CST 2025
